This is pdfTeX, Version 3.1415926-2.4-1.40.13 (TeX Live 2012) (format=pdflatex 2012.6.30)  11 JUL 2013 10:15
entering extended mode
 restricted \write18 enabled.
 %&-line parsing enabled.
**chipData_AD.tex
(./chipData_AD.tex
LaTeX2e <2011/06/27>
Babel <v3.8m> and hyphenation patterns for english, dumylang, nohyphenation, ge
rman-x-2012-05-30, ngerman-x-2012-05-30, afrikaans, ancientgreek, ibycus, arabi
c, armenian, basque, bulgarian, catalan, pinyin, coptic, croatian, czech, danis
h, dutch, ukenglish, usenglishmax, esperanto, estonian, ethiopic, farsi, finnis
h, french, friulan, galician, german, ngerman, swissgerman, monogreek, greek, h
ungarian, icelandic, assamese, bengali, gujarati, hindi, kannada, malayalam, ma
rathi, oriya, panjabi, tamil, telugu, indonesian, interlingua, irish, italian, 
kurmanji, latin, latvian, lithuanian, mongolian, mongolianlmc, bokmal, nynorsk,
 polish, portuguese, romanian, romansh, russian, sanskrit, serbian, serbianc, s
lovak, slovenian, spanish, swedish, turkish, turkmen, ukrainian, uppersorbian, 
welsh, loaded.
(/usr/local/texlive/2012/texmf-dist/tex/latex/base/article.cls
Document Class: article 2007/10/19 v1.4h Standard LaTeX document class
(/usr/local/texlive/2012/texmf-dist/tex/latex/base/size12.clo
File: size12.clo 2007/10/19 v1.4h Standard LaTeX file (size option)
)
\c@part=\count79
\c@section=\count80
\c@subsection=\count81
\c@subsubsection=\count82
\c@paragraph=\count83
\c@subparagraph=\count84
\c@figure=\count85
\c@table=\count86
\abovecaptionskip=\skip41
\belowcaptionskip=\skip42
\bibindent=\dimen102
)
(/usr/local/texlive/2012/texmf-dist/tex/latex/amsmath/amsmath.sty
Package: amsmath 2000/07/18 v2.13 AMS math features
\@mathmargin=\skip43

For additional information on amsmath, use the `?' option.
(/usr/local/texlive/2012/texmf-dist/tex/latex/amsmath/amstext.sty
Package: amstext 2000/06/29 v2.01

(/usr/local/texlive/2012/texmf-dist/tex/latex/amsmath/amsgen.sty
File: amsgen.sty 1999/11/30 v2.0
\@emptytoks=\toks14
\ex@=\dimen103
))
(/usr/local/texlive/2012/texmf-dist/tex/latex/amsmath/amsbsy.sty
Package: amsbsy 1999/11/29 v1.2d
\pmbraise@=\dimen104
)
(/usr/local/texlive/2012/texmf-dist/tex/latex/amsmath/amsopn.sty
Package: amsopn 1999/12/14 v2.01 operator names
)
\inf@bad=\count87
LaTeX Info: Redefining \frac on input line 211.
\uproot@=\count88
\leftroot@=\count89
LaTeX Info: Redefining \overline on input line 307.
\classnum@=\count90
\DOTSCASE@=\count91
LaTeX Info: Redefining \ldots on input line 379.
LaTeX Info: Redefining \dots on input line 382.
LaTeX Info: Redefining \cdots on input line 467.
\Mathstrutbox@=\box26
\strutbox@=\box27
\big@size=\dimen105
LaTeX Font Info:    Redeclaring font encoding OML on input line 567.
LaTeX Font Info:    Redeclaring font encoding OMS on input line 568.
\macc@depth=\count92
\c@MaxMatrixCols=\count93
\dotsspace@=\muskip10
\c@parentequation=\count94
\dspbrk@lvl=\count95
\tag@help=\toks15
\row@=\count96
\column@=\count97
\maxfields@=\count98
\andhelp@=\toks16
\eqnshift@=\dimen106
\alignsep@=\dimen107
\tagshift@=\dimen108
\tagwidth@=\dimen109
\totwidth@=\dimen110
\lineht@=\dimen111
\@envbody=\toks17
\multlinegap=\skip44
\multlinetaggap=\skip45
\mathdisplay@stack=\toks18
LaTeX Info: Redefining \[ on input line 2666.
LaTeX Info: Redefining \] on input line 2667.
)
(/usr/local/texlive/2012/texmf-dist/tex/latex/pstricks/pstricks.sty
Package: pstricks 2011/10/31 v0.52 LaTeX wrapper for `PSTricks' (RN,HV)

(/usr/local/texlive/2012/texmf-dist/tex/generic/pstricks/pstricks.tex
(/usr/local/texlive/2012/texmf-dist/tex/generic/xkeyval/pst-xkey.tex
File: pst-xkey.tex 2005/11/25 v1.6 PSTricks specialization of xkeyval (HA)

(/usr/local/texlive/2012/texmf-dist/tex/latex/xkeyval/xkeyval.sty
Package: xkeyval 2008/08/13 v2.6a package option processing (HA)

(/usr/local/texlive/2012/texmf-dist/tex/generic/xkeyval/xkeyval.tex
\XKV@toks=\toks19
\XKV@tempa@toks=\toks20
\XKV@depth=\count99
File: xkeyval.tex 2008/08/13 v2.6a key=value parser (HA)

(/usr/local/texlive/2012/texmf-dist/tex/generic/xkeyval/keyval.tex))))
(/usr/local/texlive/2012/texmf-dist/tex/generic/pstricks/pst-fp.tex
`pst-fp' v0.05, 2010/01/17 (hv)
\pstFP@xs=\count100
\pstFP@xia=\count101
\pstFP@xib=\count102
\pstFP@xfa=\count103
\pstFP@xfb=\count104
\pstFP@rega=\count105
\pstFP@regb=\count106
\pstFP@regs=\count107
\pstFP@times=\count108
)
\psLoopIndex=\count109

`PSTricks' v2.29  <2012/06/04> (tvz)
\pst@dima=\dimen112
\pst@dimb=\dimen113
\pst@dimc=\dimen114
\pst@dimd=\dimen115
\pst@dimg=\dimen116
\pst@dimh=\dimen117
\pst@dimm=\dimen118
\pst@dimn=\dimen119
\pst@dimo=\dimen120
\pst@dimp=\dimen121
\pst@hbox=\box28
\pst@ibox=\box29
\pst@boxg=\box30
\pst@cnta=\count110
\pst@cntb=\count111
\pst@cntc=\count112
\pst@cntd=\count113
\pst@cntg=\count114
\pst@cnth=\count115
\pst@cntm=\count116
\pst@cntn=\count117
\pst@cnto=\count118
\pst@cntp=\count119
\@zero=\count120
\pst@toks=\toks21
(/usr/local/texlive/2012/texmf-dist/tex/generic/pstricks/pstricks.con)
\psunit=\dimen122
\psxunit=\dimen123
\psyunit=\dimen124
\pst@C@@rType=\count121
\pslinewidth=\dimen125
\psk@startLW=\dimen126
\psk@endLW=\dimen127
\pst@customdefs=\toks22
\pslinearc=\dimen128
\pst@symbolStep=\dimen129
\pst@symbolWidth=\dimen130
\pst@symbolLinewidth=\dimen131
\everypsbox=\toks23
\psframesep=\dimen132
\pslabelsep=\dimen133
\pst@shift=\dimen134
\theoverlaybox=\box31
)
File: pstricks.tex 2012/06/04 v2.29 `PSTricks' (tvz,hv)

(/usr/local/texlive/2012/texmf-dist/tex/generic/pstricks/pst-fp.tex)
File: pst-fp.tex 2012/06/04 v2.29 `PST-fp' (hv)

(/usr/local/texlive/2012/texmf-dist/tex/latex/xcolor/xcolor.sty
Package: xcolor 2007/01/21 v2.11 LaTeX color extensions (UK)

(/usr/local/texlive/2012/texmf-dist/tex/latex/latexconfig/color.cfg
File: color.cfg 2007/01/18 v1.5 color configuration of teTeX/TeXLive
)
Package xcolor Info: Driver file: pdftex.def on input line 225.

(/usr/local/texlive/2012/texmf-dist/tex/latex/pdftex-def/pdftex.def
File: pdftex.def 2011/05/27 v0.06d Graphics/color for pdfTeX

(/usr/local/texlive/2012/texmf-dist/tex/generic/oberdiek/infwarerr.sty
Package: infwarerr 2010/04/08 v1.3 Providing info/warning/error messages (HO)
)
(/usr/local/texlive/2012/texmf-dist/tex/generic/oberdiek/ltxcmds.sty
Package: ltxcmds 2011/11/09 v1.22 LaTeX kernel commands for general use (HO)
)
\Gread@gobject=\count122
)
Package xcolor Info: Model `cmy' substituted by `cmy0' on input line 1337.
Package xcolor Info: Model `hsb' substituted by `rgb' on input line 1341.
Package xcolor Info: Model `RGB' extended on input line 1353.
Package xcolor Info: Model `HTML' substituted by `rgb' on input line 1355.
Package xcolor Info: Model `Hsb' substituted by `hsb' on input line 1356.
Package xcolor Info: Model `tHsb' substituted by `hsb' on input line 1357.
Package xcolor Info: Model `HSB' substituted by `hsb' on input line 1358.
Package xcolor Info: Model `Gray' substituted by `gray' on input line 1359.
Package xcolor Info: Model `wave' substituted by `hsb' on input line 1360.
))
(/usr/local/texlive/2012/texmf-dist/tex/latex/hyperref/hyperref.sty
Package: hyperref 2012/05/13 v6.82q Hypertext links for LaTeX

(/usr/local/texlive/2012/texmf-dist/tex/generic/oberdiek/hobsub-hyperref.sty
Package: hobsub-hyperref 2012/05/28 v1.13 Bundle oberdiek, subset hyperref (HO)


(/usr/local/texlive/2012/texmf-dist/tex/generic/oberdiek/hobsub-generic.sty
Package: hobsub-generic 2012/05/28 v1.13 Bundle oberdiek, subset generic (HO)
Package: hobsub 2012/05/28 v1.13 Construct package bundles (HO)
Package hobsub Info: Skipping package `infwarerr' (already loaded).
Package hobsub Info: Skipping package `ltxcmds' (already loaded).
Package: ifluatex 2010/03/01 v1.3 Provides the ifluatex switch (HO)
Package ifluatex Info: LuaTeX not detected.
Package: ifvtex 2010/03/01 v1.5 Detect VTeX and its facilities (HO)
Package ifvtex Info: VTeX not detected.
Package: intcalc 2007/09/27 v1.1 Expandable calculations with integers (HO)
Package: ifpdf 2011/01/30 v2.3 Provides the ifpdf switch (HO)
Package ifpdf Info: pdfTeX in PDF mode is detected.
Package: etexcmds 2011/02/16 v1.5 Avoid name clashes with e-TeX commands (HO)
Package etexcmds Info: Could not find \expanded.
(etexcmds)             That can mean that you are not using pdfTeX 1.50 or
(etexcmds)             that some package has redefined \expanded.
(etexcmds)             In the latter case, load this package earlier.
Package: kvsetkeys 2012/04/25 v1.16 Key value parser (HO)
Package: kvdefinekeys 2011/04/07 v1.3 Define keys (HO)
Package: pdftexcmds 2011/11/29 v0.20 Utility functions of pdfTeX for LuaTeX (HO
)
Package pdftexcmds Info: LuaTeX not detected.
Package pdftexcmds Info: \pdf@primitive is available.
Package pdftexcmds Info: \pdf@ifprimitive is available.
Package pdftexcmds Info: \pdfdraftmode found.
Package: pdfescape 2011/11/25 v1.13 Implements pdfTeX's escape features (HO)
Package: bigintcalc 2012/04/08 v1.3 Expandable calculations on big integers (HO
)
Package: bitset 2011/01/30 v1.1 Handle bit-vector datatype (HO)
Package: uniquecounter 2011/01/30 v1.2 Provide unlimited unique counter (HO)
)
Package hobsub Info: Skipping package `hobsub' (already loaded).
Package: letltxmacro 2010/09/02 v1.4 Let assignment for LaTeX macros (HO)
Package: hopatch 2012/05/28 v1.2 Wrapper for package hooks (HO)
Package: xcolor-patch 2011/01/30 xcolor patch
Package: atveryend 2011/06/30 v1.8 Hooks at the very end of document (HO)
Package atveryend Info: \enddocument detected (standard20110627).
Package: atbegshi 2011/10/05 v1.16 At begin shipout hook (HO)
Package: refcount 2011/10/16 v3.4 Data extraction from label references (HO)
Package: hycolor 2011/01/30 v1.7 Color options for hyperref/bookmark (HO)
)
(/usr/local/texlive/2012/texmf-dist/tex/generic/ifxetex/ifxetex.sty
Package: ifxetex 2010/09/12 v0.6 Provides ifxetex conditional
)
(/usr/local/texlive/2012/texmf-dist/tex/latex/oberdiek/kvoptions.sty
Package: kvoptions 2011/06/30 v3.11 Key value format for package options (HO)
)
\@linkdim=\dimen135
\Hy@linkcounter=\count123
\Hy@pagecounter=\count124

(/usr/local/texlive/2012/texmf-dist/tex/latex/hyperref/pd1enc.def
File: pd1enc.def 2012/05/13 v6.82q Hyperref: PDFDocEncoding definition (HO)
)
\Hy@SavedSpaceFactor=\count125

(/usr/local/texlive/2012/texmf-dist/tex/latex/latexconfig/hyperref.cfg
File: hyperref.cfg 2002/06/06 v1.2 hyperref configuration of TeXLive
)
Package hyperref Info: Hyper figures OFF on input line 4062.
Package hyperref Info: Link nesting OFF on input line 4067.
Package hyperref Info: Hyper index ON on input line 4070.
Package hyperref Info: Plain pages OFF on input line 4077.
Package hyperref Info: Backreferencing OFF on input line 4082.
Package hyperref Info: Implicit mode ON; LaTeX internals redefined.
Package hyperref Info: Bookmarks ON on input line 4300.
\c@Hy@tempcnt=\count126

(/usr/local/texlive/2012/texmf-dist/tex/latex/url/url.sty
\Urlmuskip=\muskip11
Package: url 2006/04/12  ver 3.3  Verb mode for urls, etc.
)
LaTeX Info: Redefining \url on input line 4653.
\Fld@menulength=\count127
\Field@Width=\dimen136
\Fld@charsize=\dimen137
Package hyperref Info: Hyper figures OFF on input line 5773.
Package hyperref Info: Link nesting OFF on input line 5778.
Package hyperref Info: Hyper index ON on input line 5781.
Package hyperref Info: backreferencing OFF on input line 5788.
Package hyperref Info: Link coloring OFF on input line 5793.
Package hyperref Info: Link coloring with OCG OFF on input line 5798.
Package hyperref Info: PDF/A mode OFF on input line 5803.
LaTeX Info: Redefining \ref on input line 5843.
LaTeX Info: Redefining \pageref on input line 5847.
\Hy@abspage=\count128
\c@Item=\count129
\c@Hfootnote=\count130
)

Package hyperref Message: Driver (autodetected): hpdftex.

(/usr/local/texlive/2012/texmf-dist/tex/latex/hyperref/hpdftex.def
File: hpdftex.def 2012/05/13 v6.82q Hyperref driver for pdfTeX
\Fld@listcount=\count131
\c@bookmark@seq@number=\count132

(/usr/local/texlive/2012/texmf-dist/tex/latex/oberdiek/rerunfilecheck.sty
Package: rerunfilecheck 2011/04/15 v1.7 Rerun checks for auxiliary files (HO)
Package uniquecounter Info: New unique counter `rerunfilecheck' on input line 2
82.
)
\Hy@SectionHShift=\skip46
)
(/usr/local/texlive/2012/texmf-dist/tex/latex/natbib/natbib.sty
Package: natbib 2010/09/13 8.31b (PWD, AO)
\bibhang=\skip47
\bibsep=\skip48
LaTeX Info: Redefining \cite on input line 694.
\c@NAT@ctr=\count133
) (./Sweave.sty
Package: Sweave 

(/usr/local/texlive/2012/texmf-dist/tex/latex/base/ifthen.sty
Package: ifthen 2001/05/26 v1.1c Standard LaTeX ifthen package (DPC)
)
(/usr/local/texlive/2012/texmf-dist/tex/latex/graphics/graphicx.sty
Package: graphicx 1999/02/16 v1.0f Enhanced LaTeX Graphics (DPC,SPQR)

(/usr/local/texlive/2012/texmf-dist/tex/latex/graphics/graphics.sty
Package: graphics 2009/02/05 v1.0o Standard LaTeX Graphics (DPC,SPQR)

(/usr/local/texlive/2012/texmf-dist/tex/latex/graphics/trig.sty
Package: trig 1999/03/16 v1.09 sin cos tan (DPC)
)
(/usr/local/texlive/2012/texmf-dist/tex/latex/latexconfig/graphics.cfg
File: graphics.cfg 2010/04/23 v1.9 graphics configuration of TeX Live
)
Package graphics Info: Driver file: pdftex.def on input line 91.
)
\Gin@req@height=\dimen138
\Gin@req@width=\dimen139
)
(/usr/local/texlive/2012/texmf-dist/tex/latex/fancyvrb/fancyvrb.sty
Package: fancyvrb 2008/02/07

Style option: `fancyvrb' v2.7a, with DG/SPQR fixes, and firstline=lastline fix 
<2008/02/07> (tvz)
\FV@CodeLineNo=\count134
\FV@InFile=\read1
\FV@TabBox=\box32
\c@FancyVerbLine=\count135
\FV@StepNumber=\count136
\FV@OutFile=\write3
)
(/usr/local/texlive/2012/texmf-dist/tex/latex/upquote/upquote.sty
Package: upquote 2012/04/19 v1.3 upright-quote and grave-accent glyphs in verba
tim
)
(/usr/local/texlive/2012/texmf-dist/tex/latex/base/fontenc.sty
Package: fontenc 2005/09/27 v1.99g Standard LaTeX package

(/usr/local/texlive/2012/texmf-dist/tex/latex/base/t1enc.def
File: t1enc.def 2005/09/27 v1.99g Standard LaTeX file
LaTeX Font Info:    Redeclaring font encoding T1 on input line 43.
))
(/usr/local/texlive/2012/texmf-dist/tex/latex/ae/ae.sty
Package: ae 2001/02/12 1.3 Almost European Computer Modern

(/usr/local/texlive/2012/texmf-dist/tex/latex/base/fontenc.sty
Package: fontenc 2005/09/27 v1.99g Standard LaTeX package

(/usr/local/texlive/2012/texmf-dist/tex/latex/base/t1enc.def
File: t1enc.def 2005/09/27 v1.99g Standard LaTeX file
LaTeX Font Info:    Redeclaring font encoding T1 on input line 43.
)
LaTeX Font Info:    Try loading font information for T1+aer on input line 100.

(/usr/local/texlive/2012/texmf-dist/tex/latex/ae/t1aer.fd
File: t1aer.fd 1997/11/16 Font definitions for T1/aer.
))))
(./chipData_AD.aux)
\openout1 = `chipData_AD.aux'.

LaTeX Font Info:    Checking defaults for OML/cmm/m/it on input line 42.
LaTeX Font Info:    ... okay on input line 42.
LaTeX Font Info:    Checking defaults for T1/cmr/m/n on input line 42.
LaTeX Font Info:    ... okay on input line 42.
LaTeX Font Info:    Checking defaults for OT1/cmr/m/n on input line 42.
LaTeX Font Info:    ... okay on input line 42.
LaTeX Font Info:    Checking defaults for OMS/cmsy/m/n on input line 42.
LaTeX Font Info:    ... okay on input line 42.
LaTeX Font Info:    Checking defaults for OMX/cmex/m/n on input line 42.
LaTeX Font Info:    ... okay on input line 42.
LaTeX Font Info:    Checking defaults for U/cmr/m/n on input line 42.
LaTeX Font Info:    ... okay on input line 42.
LaTeX Font Info:    Checking defaults for PD1/pdf/m/n on input line 42.
LaTeX Font Info:    ... okay on input line 42.

(/usr/local/texlive/2012/texmf-dist/tex/context/base/supp-pdf.mkii
[Loading MPS to PDF converter (version 2006.09.02).]
\scratchcounter=\count137
\scratchdimen=\dimen140
\scratchbox=\box33
\nofMPsegments=\count138
\nofMParguments=\count139
\everyMPshowfont=\toks24
\MPscratchCnt=\count140
\MPscratchDim=\dimen141
\MPnumerator=\count141
\makeMPintoPDFobject=\count142
\everyMPtoPDFconversion=\toks25
)
\AtBeginShipoutBox=\box34
Package hyperref Info: Link coloring OFF on input line 42.
 (/usr/local/texlive/2012/texmf-dist/tex/latex/hyperref/nameref.sty
Package: nameref 2010/04/30 v2.40 Cross-referencing by name of section

(/usr/local/texlive/2012/texmf-dist/tex/generic/oberdiek/gettitlestring.sty
Package: gettitlestring 2010/12/03 v1.4 Cleanup title references (HO)
)
\c@section@level=\count143
)
LaTeX Info: Redefining \ref on input line 42.
LaTeX Info: Redefining \pageref on input line 42.
LaTeX Info: Redefining \nameref on input line 42.

(./chipData_AD.out) (./chipData_AD.out)
\@outlinefile=\write4
\openout4 = `chipData_AD.out'.


(/usr/local/texlive/2012/texmf-dist/tex/latex/oberdiek/epstopdf-base.sty
Package: epstopdf-base 2010/02/09 v2.5 Base part for package epstopdf

(/usr/local/texlive/2012/texmf-dist/tex/latex/oberdiek/grfext.sty
Package: grfext 2010/08/19 v1.1 Manage graphics extensions (HO)
)
Package grfext Info: Graphics extension search list:
(grfext)             [.png,.pdf,.jpg,.mps,.jpeg,.jbig2,.jb2,.PNG,.PDF,.JPG,.JPE
G,.JBIG2,.JB2,.eps]
(grfext)             \AppendGraphicsExtensions on input line 452.

(/usr/local/texlive/2012/texmf-dist/tex/latex/latexconfig/epstopdf-sys.cfg
File: epstopdf-sys.cfg 2010/07/13 v1.3 Configuration of (r)epstopdf for TeX Liv
e
))
\c@Exercise=\count144


Package natbib Warning: Citation `Mercier:2011p5429' on page 1 undefined on inp
ut line 54.


Package natbib Warning: Citation `Zhang:2010p3139' on page 1 undefined on input
 line 54.

LaTeX Font Info:    Try loading font information for T1+aett on input line 60.
(/usr/local/texlive/2012/texmf-dist/tex/latex/ae/t1aett.fd
File: t1aett.fd 1997/11/16 Font definitions for T1/aett.
)

Package natbib Warning: Citation `Hu:2010uq' on page 1 undefined on input line 
72.


Overfull \vbox (21.68121pt too high) has occurred while \output is active []


[1
Non-PDF special ignored!
Non-PDF special ignored!
Non-PDF special ignored!
Non-PDF special ignored!


Non-PDF special ignored!
Non-PDF special ignored!{/usr/local/texlive/2012/texmf-var/fonts/map/pdftex/upd
map/pdftex.map}]
Overfull \vbox (21.68121pt too high) has occurred while \output is active []


[2]
Overfull \vbox (21.68121pt too high) has occurred while \output is active []


[3]
! Too many }'s.
l.180 ...rofiles are stored in \Rclass(RangedData}
                                                   objects. Therefore we als...

? 

Underfull \hbox (badness 10000) in paragraph at lines 180--182

 []


Overfull \vbox (21.68121pt too high) has occurred while \output is active []


[4]
Overfull \vbox (21.68121pt too high) has occurred while \output is active []


[5]
Package epstopdf Info: Source file: <chipData_AD-PICS-fragment-length-distribut
ion.eps>
(epstopdf)                    date: 2013-07-11 10:10:47
(epstopdf)                    size: 4749 bytes
(epstopdf)             Output file: <chipData_AD-PICS-fragment-length-distribut
ion-eps-converted-to.pdf>
(epstopdf)                    date: 2013-07-10 23:07:39
(epstopdf)                    size: 11465 bytes
(epstopdf)             Command: <repstopdf --outfile=chipData_AD-PICS-fragment-
length-distribution-eps-converted-to.pdf chipData_AD-PICS-fragment-length-distr
ibution.eps>
(epstopdf)             \includegraphics on input line 269.
runsystem(repstopdf --outfile=chipData_AD-PICS-fragment-length-distribution-eps
-converted-to.pdf chipData_AD-PICS-fragment-length-distribution.eps)...executed
 safely (allowed).

Package epstopdf Info: Result file: <chipData_AD-PICS-fragment-length-distribut
ion-eps-converted-to.pdf>
(epstopdf)                    date: 2013-07-11 10:15:42
(epstopdf)                    size: 11465 bytes.

<chipData_AD-PICS-fragment-length-distribution-eps-converted-to.pdf, id=115, 43
3.62pt x 433.62pt>
File: chipData_AD-PICS-fragment-length-distribution-eps-converted-to.pdf Graphi
c file (type pdf)

<use chipData_AD-PICS-fragment-length-distribution-eps-converted-to.pdf>
Package pdftex.def Info: chipData_AD-PICS-fragment-length-distribution-eps-conv
erted-to.pdf used on input line 269.
(pdftex.def)             Requested size: 358.46039pt x 358.47534pt.

Overfull \vbox (21.68121pt too high) has occurred while \output is active []


[6]
Package epstopdf Info: Source file: <chipData_AD-PICS-plots.eps>
(epstopdf)                    date: 2013-07-11 10:10:47
(epstopdf)                    size: 15076 bytes
(epstopdf)             Output file: <chipData_AD-PICS-plots-eps-converted-to.pd
f>
(epstopdf)                    date: 2013-07-10 23:07:40
(epstopdf)                    size: 13011 bytes
(epstopdf)             Command: <repstopdf --outfile=chipData_AD-PICS-plots-eps
-converted-to.pdf chipData_AD-PICS-plots.eps>
(epstopdf)             \includegraphics on input line 292.
runsystem(repstopdf --outfile=chipData_AD-PICS-plots-eps-converted-to.pdf chipD
ata_AD-PICS-plots.eps)...executed safely (allowed).

Package epstopdf Info: Result file: <chipData_AD-PICS-plots-eps-converted-to.pd
f>
(epstopdf)                    date: 2013-07-11 10:15:42
(epstopdf)                    size: 13011 bytes.
 <chipData_AD-PICS-plots-eps-converted-to.pdf, id=120, 433.62pt x 433.62pt>
File: chipData_AD-PICS-plots-eps-converted-to.pdf Graphic file (type pdf)

<use chipData_AD-PICS-plots-eps-converted-to.pdf>
Package pdftex.def Info: chipData_AD-PICS-plots-eps-converted-to.pdf used on in
put line 292.
(pdftex.def)             Requested size: 358.46039pt x 358.47534pt.

Overfull \vbox (21.68121pt too high) has occurred while \output is active []


[7 <./chipData_AD-PICS-fragment-length-distribution-eps-converted-to.pdf>]
Overfull \vbox (21.68121pt too high) has occurred while \output is active []


[8 <./chipData_AD-PICS-plots-eps-converted-to.pdf>]
Package epstopdf Info: Source file: <chipData_AD-PICS-FDR.eps>
(epstopdf)                    date: 2013-07-11 10:13:22
(epstopdf)                    size: 11673 bytes
(epstopdf)             Output file: <chipData_AD-PICS-FDR-eps-converted-to.pdf>

(epstopdf)                    date: 2013-07-10 23:07:40
(epstopdf)                    size: 16622 bytes
(epstopdf)             Command: <repstopdf --outfile=chipData_AD-PICS-FDR-eps-c
onverted-to.pdf chipData_AD-PICS-FDR.eps>
(epstopdf)             \includegraphics on input line 354.
runsystem(repstopdf --outfile=chipData_AD-PICS-FDR-eps-converted-to.pdf chipDat
a_AD-PICS-FDR.eps)...executed safely (allowed).

Package epstopdf Info: Result file: <chipData_AD-PICS-FDR-eps-converted-to.pdf>

(epstopdf)                    date: 2013-07-11 10:15:43
(epstopdf)                    size: 17185 bytes.

<chipData_AD-PICS-FDR-eps-converted-to.pdf, id=150, 433.62pt x 433.62pt>
File: chipData_AD-PICS-FDR-eps-converted-to.pdf Graphic file (type pdf)

<use chipData_AD-PICS-FDR-eps-converted-to.pdf>
Package pdftex.def Info: chipData_AD-PICS-FDR-eps-converted-to.pdf used on inpu
t line 354.
(pdftex.def)             Requested size: 358.46039pt x 358.47534pt.

Overfull \vbox (21.68121pt too high) has occurred while \output is active []


[9]
Overfull \vbox (21.68121pt too high) has occurred while \output is active []


[10 <./chipData_AD-PICS-FDR-eps-converted-to.pdf>]
Package epstopdf Info: Source file: <chipData_AD-Visualization-GenomeGraphs-cs.
eps>
(epstopdf)                    date: 2013-07-11 10:13:24
(epstopdf)                    size: 7483 bytes
(epstopdf)             Output file: <chipData_AD-Visualization-GenomeGraphs-cs-
eps-converted-to.pdf>
(epstopdf)                    date: 2013-07-10 23:07:41
(epstopdf)                    size: 10234 bytes
(epstopdf)             Command: <repstopdf --outfile=chipData_AD-Visualization-
GenomeGraphs-cs-eps-converted-to.pdf chipData_AD-Visualization-GenomeGraphs-cs.
eps>
(epstopdf)             \includegraphics on input line 395.
runsystem(repstopdf --outfile=chipData_AD-Visualization-GenomeGraphs-cs-eps-con
verted-to.pdf chipData_AD-Visualization-GenomeGraphs-cs.eps)...executed safely 
(allowed).

Package epstopdf Info: Result file: <chipData_AD-Visualization-GenomeGraphs-cs-
eps-converted-to.pdf>
(epstopdf)                    date: 2013-07-11 10:15:44
(epstopdf)                    size: 10234 bytes.

<chipData_AD-Visualization-GenomeGraphs-cs-eps-converted-to.pdf, id=168, 433.62
pt x 433.62pt>
File: chipData_AD-Visualization-GenomeGraphs-cs-eps-converted-to.pdf Graphic fi
le (type pdf)

<use chipData_AD-Visualization-GenomeGraphs-cs-eps-converted-to.pdf>
Package pdftex.def Info: chipData_AD-Visualization-GenomeGraphs-cs-eps-converte
d-to.pdf used on input line 395.
(pdftex.def)             Requested size: 358.46039pt x 358.47534pt.

Overfull \vbox (21.68121pt too high) has occurred while \output is active []


[11]
Overfull \vbox (21.68121pt too high) has occurred while \output is active []


[12 <./chipData_AD-Visualization-GenomeGraphs-cs-eps-converted-to.pdf>]

Package natbib Warning: Citation `Mahony:2007p125' on page 13 undefined on inpu
t line 437.


Package natbib Warning: Citation `PortalesCasamar:2010p543' on page 13 undefine
d on input line 437.

Package epstopdf Info: Source file: <chipData_AD-MotIV-cs.eps>
(epstopdf)                    date: 2013-07-11 10:13:27
(epstopdf)                    size: 5447788 bytes
(epstopdf)             Output file: <chipData_AD-MotIV-cs-eps-converted-to.pdf>

(epstopdf)                    date: 2013-07-10 23:07:43
(epstopdf)                    size: 1220518 bytes
(epstopdf)             Command: <repstopdf --outfile=chipData_AD-MotIV-cs-eps-c
onverted-to.pdf chipData_AD-MotIV-cs.eps>
(epstopdf)             \includegraphics on input line 457.
runsystem(repstopdf --outfile=chipData_AD-MotIV-cs-eps-converted-to.pdf chipDat
a_AD-MotIV-cs.eps)...executed safely (allowed).

Package epstopdf Info: Result file: <chipData_AD-MotIV-cs-eps-converted-to.pdf>

(epstopdf)                    date: 2013-07-11 10:15:46
(epstopdf)                    size: 1220518 bytes.
<chipData_AD-MotIV-cs-eps-converted-to.pdf, id=185, 433.62pt x 433.62pt>
File: chipData_AD-MotIV-cs-eps-converted-to.pdf Graphic file (type pdf)

<use chipData_AD-MotIV-cs-eps-converted-to.pdf>
Package pdftex.def Info: chipData_AD-MotIV-cs-eps-converted-to.pdf used on inpu
t line 457.
(pdftex.def)             Requested size: 358.46039pt x 358.47534pt.

Overfull \vbox (21.68121pt too high) has occurred while \output is active []


[13]
Package epstopdf Info: Source file: <chipData_AD-MotIV-cs2.eps>
(epstopdf)                    date: 2013-07-11 10:13:29
(epstopdf)                    size: 2443852 bytes
(epstopdf)             Output file: <chipData_AD-MotIV-cs2-eps-converted-to.pdf
>
(epstopdf)                    date: 2013-07-10 23:07:44
(epstopdf)                    size: 586407 bytes
(epstopdf)             Command: <repstopdf --outfile=chipData_AD-MotIV-cs2-eps-
converted-to.pdf chipData_AD-MotIV-cs2.eps>
(epstopdf)             \includegraphics on input line 476.
runsystem(repstopdf --outfile=chipData_AD-MotIV-cs2-eps-converted-to.pdf chipDa
ta_AD-MotIV-cs2.eps)...executed safely (allowed).

Package epstopdf Info: Result file: <chipData_AD-MotIV-cs2-eps-converted-to.pdf
>
(epstopdf)                    date: 2013-07-11 10:15:47
(epstopdf)                    size: 586407 bytes.
 <chipData_AD-MotIV-cs2-eps-converted-to.pdf, id=191, 433.62pt x 433.62pt>
File: chipData_AD-MotIV-cs2-eps-converted-to.pdf Graphic file (type pdf)

<use chipData_AD-MotIV-cs2-eps-converted-to.pdf>
Package pdftex.def Info: chipData_AD-MotIV-cs2-eps-converted-to.pdf used on inp
ut line 476.
(pdftex.def)             Requested size: 358.46039pt x 358.47534pt.

Overfull \vbox (21.68121pt too high) has occurred while \output is active []


[14 <./chipData_AD-MotIV-cs-eps-converted-to.pdf>]
Package epstopdf Info: Source file: <chipData_AD-Filtering-with-MotIV.eps>
(epstopdf)                    date: 2013-07-11 10:13:29
(epstopdf)                    size: 1174184 bytes
(epstopdf)             Output file: <chipData_AD-Filtering-with-MotIV-eps-conve
rted-to.pdf>
(epstopdf)                    date: 2013-07-10 23:07:45
(epstopdf)                    size: 334079 bytes
(epstopdf)             Command: <repstopdf --outfile=chipData_AD-Filtering-with
-MotIV-eps-converted-to.pdf chipData_AD-Filtering-with-MotIV.eps>
(epstopdf)             \includegraphics on input line 487.
runsystem(repstopdf --outfile=chipData_AD-Filtering-with-MotIV-eps-converted-to
.pdf chipData_AD-Filtering-with-MotIV.eps)...executed safely (allowed).

Package epstopdf Info: Result file: <chipData_AD-Filtering-with-MotIV-eps-conve
rted-to.pdf>
(epstopdf)                    date: 2013-07-11 10:15:48
(epstopdf)                    size: 334079 bytes.

<chipData_AD-Filtering-with-MotIV-eps-converted-to.pdf, id=211, 433.62pt x 433.
62pt>
File: chipData_AD-Filtering-with-MotIV-eps-converted-to.pdf Graphic file (type 
pdf)
 <use chipData_AD-Filtering-with-MotIV-eps-converted-to.pdf>
Package pdftex.def Info: chipData_AD-Filtering-with-MotIV-eps-converted-to.pdf 
used on input line 487.
(pdftex.def)             Requested size: 358.46039pt x 358.47534pt.

Overfull \vbox (21.68121pt too high) has occurred while \output is active []


[15 <./chipData_AD-MotIV-cs2-eps-converted-to.pdf>]
Package epstopdf Info: Source file: <chipData_AD-ESR1-motif-in-Jaspar-cc.eps>
(epstopdf)                    date: 2013-07-11 10:13:29
(epstopdf)                    size: 3040 bytes
(epstopdf)             Output file: <chipData_AD-ESR1-motif-in-Jaspar-cc-eps-co
nverted-to.pdf>
(epstopdf)             Command: <repstopdf --outfile=chipData_AD-ESR1-motif-in-
Jaspar-cc-eps-converted-to.pdf chipData_AD-ESR1-motif-in-Jaspar-cc.eps>
(epstopdf)             \includegraphics on input line 502.
runsystem(repstopdf --outfile=chipData_AD-ESR1-motif-in-Jaspar-cc-eps-converted
-to.pdf chipData_AD-ESR1-motif-in-Jaspar-cc.eps)...executed safely (allowed).

Package epstopdf Info: Result file: <chipData_AD-ESR1-motif-in-Jaspar-cc-eps-co
nverted-to.pdf>
(epstopdf)                    date: 2013-07-11 10:15:49
(epstopdf)                    size: 2401 bytes.

<chipData_AD-ESR1-motif-in-Jaspar-cc-eps-converted-to.pdf, id=230, 433.62pt x 4
33.62pt>
File: chipData_AD-ESR1-motif-in-Jaspar-cc-eps-converted-to.pdf Graphic file (ty
pe pdf)
 <use chipData_AD-ESR1-motif-in-Jaspar-cc-eps-converted-to.pdf>
Package pdftex.def Info: chipData_AD-ESR1-motif-in-Jaspar-cc-eps-converted-to.p
df used on input line 502.
(pdftex.def)             Requested size: 358.46039pt x 358.47534pt.

Overfull \vbox (21.68121pt too high) has occurred while \output is active []


[16 <./chipData_AD-Filtering-with-MotIV-eps-converted-to.pdf>]
Package epstopdf Info: Source file: <chipData_AD-MotIV-seeded-cc.eps>
(epstopdf)                    date: 2013-07-11 10:13:35
(epstopdf)                    size: 1272261 bytes
(epstopdf)             Output file: <chipData_AD-MotIV-seeded-cc-eps-converted-
to.pdf>
(epstopdf)                    date: 2013-07-10 23:07:46
(epstopdf)                    size: 337632 bytes
(epstopdf)             Command: <repstopdf --outfile=chipData_AD-MotIV-seeded-c
c-eps-converted-to.pdf chipData_AD-MotIV-seeded-cc.eps>
(epstopdf)             \includegraphics on input line 531.
runsystem(repstopdf --outfile=chipData_AD-MotIV-seeded-cc-eps-converted-to.pdf 
chipData_AD-MotIV-seeded-cc.eps)...executed safely (allowed).

Package epstopdf Info: Result file: <chipData_AD-MotIV-seeded-cc-eps-converted-
to.pdf>
(epstopdf)                    date: 2013-07-11 10:15:50
(epstopdf)                    size: 337632 bytes.

<chipData_AD-MotIV-seeded-cc-eps-converted-to.pdf, id=249, 433.62pt x 433.62pt>
File: chipData_AD-MotIV-seeded-cc-eps-converted-to.pdf Graphic file (type pdf)
<use chipData_AD-MotIV-seeded-cc-eps-converted-to.pdf>
Package pdftex.def Info: chipData_AD-MotIV-seeded-cc-eps-converted-to.pdf used 
on input line 531.
(pdftex.def)             Requested size: 358.46039pt x 358.47534pt.

Overfull \vbox (21.68121pt too high) has occurred while \output is active []


[17 <./chipData_AD-ESR1-motif-in-Jaspar-cc-eps-converted-to.pdf>]

Package natbib Warning: Citation `Zhu:2010fk' on page 18 undefined on input lin
e 539.


Overfull \vbox (21.68121pt too high) has occurred while \output is active []


[18 <./chipData_AD-MotIV-seeded-cc-eps-converted-to.pdf>]
Package epstopdf Info: Source file: <chipData_AD-ChIPpeakAnno.eps>
(epstopdf)                    date: 2013-07-11 10:13:43
(epstopdf)                    size: 5825 bytes
(epstopdf)             Output file: <chipData_AD-ChIPpeakAnno-eps-converted-to.
pdf>
(epstopdf)                    date: 2013-07-10 23:07:47
(epstopdf)                    size: 12553 bytes
(epstopdf)             Command: <repstopdf --outfile=chipData_AD-ChIPpeakAnno-e
ps-converted-to.pdf chipData_AD-ChIPpeakAnno.eps>
(epstopdf)             \includegraphics on input line 550.
runsystem(repstopdf --outfile=chipData_AD-ChIPpeakAnno-eps-converted-to.pdf chi
pData_AD-ChIPpeakAnno.eps)...executed safely (allowed).

Package epstopdf Info: Result file: <chipData_AD-ChIPpeakAnno-eps-converted-to.
pdf>
(epstopdf)                    date: 2013-07-11 10:15:50
(epstopdf)                    size: 12553 bytes.

<chipData_AD-ChIPpeakAnno-eps-converted-to.pdf, id=275, 433.62pt x 433.62pt>
File: chipData_AD-ChIPpeakAnno-eps-converted-to.pdf Graphic file (type pdf)

<use chipData_AD-ChIPpeakAnno-eps-converted-to.pdf>
Package pdftex.def Info: chipData_AD-ChIPpeakAnno-eps-converted-to.pdf used on 
input line 550.
(pdftex.def)             Requested size: 358.46039pt x 358.47534pt.

Overfull \vbox (21.68121pt too high) has occurred while \output is active []


[19 <./chipData_AD-ChIPpeakAnno-eps-converted-to.pdf>]
! Undefined control sequence.
l.598 The \Rlass
                {PICS} package includes \Rfunction{bam2gr} function for conv...

? 

Overfull \vbox (21.68121pt too high) has occurred while \output is active []


[20]
Overfull \vbox (21.68121pt too high) has occurred while \output is active []


[21]
Overfull \vbox (21.68121pt too high) has occurred while \output is active []


[22]
! Undefined control sequence.
<argument> ... Add genomic information using Gviz'
                                                  s built-in functions.
l.715 ...ormation using Gviz's built-in functions.
                                                  
? 

Package natbib Warning: There were undefined citations.

Package atveryend Info: Empty hook `BeforeClearDocument' on input line 725.

Overfull \vbox (21.68121pt too high) has occurred while \output is active []


[23]
Package atveryend Info: Empty hook `AfterLastShipout' on input line 725.
 (./chipData_AD.aux)
Package atveryend Info: Executing hook `AtVeryEndDocument' on input line 725.
Package atveryend Info: Executing hook `AtEndAfterFileList' on input line 725.
Package rerunfilecheck Info: File `chipData_AD.out' has not changed.
(rerunfilecheck)             Checksum: B81F856846C563471EB035AB672F62E9;1310.
Package atveryend Info: Empty hook `AtVeryVeryEnd' on input line 725.
 ) 
Here is how much of TeX's memory you used:
 8724 strings out of 493488
 124540 string characters out of 3141326
 240229 words of memory out of 3000000
 11803 multiletter control sequences out of 15000+200000
 42690 words of font info for 91 fonts, out of 3000000 for 9000
 957 hyphenation exceptions out of 8191
 35i,6n,38p,973b,471s stack positions out of 5000i,500n,10000p,200000b,50000s
</usr/local/texlive/2012/texmf-dist/fonts/type1/public/amsfonts/cm/cmbx12.pfb
></usr/local/texlive/2012/texmf-dist/fonts/type1/public/amsfonts/cm/cmbx8.pfb><
/usr/local/texlive/2012/texmf-dist/fonts/type1/public/amsfonts/cm/cmbxti10.pfb>
</usr/local/texlive/2012/texmf-dist/fonts/type1/public/amsfonts/cm/cmitt10.pfb>
</usr/local/texlive/2012/texmf-dist/fonts/type1/public/amsfonts/cm/cmmi12.pfb><
/usr/local/texlive/2012/texmf-dist/fonts/type1/public/amsfonts/cm/cmr12.pfb></u
sr/local/texlive/2012/texmf-dist/fonts/type1/public/amsfonts/cm/cmr17.pfb></usr
/local/texlive/2012/texmf-dist/fonts/type1/public/amsfonts/cm/cmr8.pfb></usr/lo
cal/texlive/2012/texmf-dist/fonts/type1/public/amsfonts/cm/cmsltt10.pfb></usr/l
ocal/texlive/2012/texmf-dist/fonts/type1/public/amsfonts/cm/cmti12.pfb></usr/lo
cal/texlive/2012/texmf-dist/fonts/type1/public/amsfonts/cm/cmtt12.pfb>
Output written on chipData_AD.pdf (23 pages, 2687169 bytes).
PDF statistics:
 367 PDF objects out of 1000 (max. 8388607)
 289 compressed objects within 3 object streams
 53 named destinations out of 1000 (max. 500000)
 211 words of extra memory for PDF output out of 10000 (max. 10000000)

